<?xml version="1.0" encoding="UTF-8"?>
<testsuite xmlns:xsi="http://www.w3.org/2001/XMLSchema-instance" xsi:noNamespaceSchemaLocation="https://maven.apache.org/surefire/maven-surefire-plugin/xsd/surefire-test-report.xsd" name="TestSuite" time="255.777" tests="4" errors="0" skipped="0" failures="0">
  <properties>
[...]
</properties>
  <testcase name="registerUser" classname="testcase.TC_Registration" time="36.796"/>
  <testcase name="login" classname="testcase.TC_Login" time="31.853"/>
  <testcase name="flightReservation" classname="testcase.TC_FlightReservation" time="65.236"/>
  <testcase name="flightReservation" classname="testcase.TC_FlightReservation" time="64.982"/>
</testsuite>